C251 COMPILER V5.60.0,  clock                                                              14/01/26  22:35:40  PAGE 1   


C251 COMPILER V5.60.0, COMPILATION OF MODULE clock
OBJECT MODULE PLACED IN .\Objects\clock.obj
COMPILER INVOKED BY: C:\Users\js li\AppData\Local\Keil_v5_C251\C251\BIN\C251.EXE Sources\clock.c XSMALL BROWSE INCDIR(.\
                    -Sources\inc) DEBUG PRINT(.\Listings\clock.lst) TABS(2) OBJECT(.\Objects\clock.obj) 

stmt  level    source

    1          //<<AICUBE_USER_HEADER_REMARK_BEGIN>>
    2          ////////////////////////////////////////
    3          // 在此添加用户文件头说明信息  
    4          // 文件名称: clock.c
    5          // 文件描述: 
    6          // 文件版本: V1.0
    7          // 修改记录:
    8          //   1. (2026-01-10) 创建文件
    9          ////////////////////////////////////////
   10          //<<AICUBE_USER_HEADER_REMARK_END>>
   11          
   12          
   13          #include "config.h"
   14          
   15          
   16          //<<AICUBE_USER_INCLUDE_BEGIN>>
   17          // 在此添加用户头文件包含  
   18          //<<AICUBE_USER_INCLUDE_END>>
   19          
   20          
   21          //<<AICUBE_USER_GLOBAL_DEFINE_BEGIN>>
   22          // 在此添加用户全局变量定义、用户宏定义以及函数声明  
   23          //<<AICUBE_USER_GLOBAL_DEFINE_END>>
   24          
   25          
   26          
   27          ////////////////////////////////////////
   28          // 时钟初始化函数
   29          // 入口参数: 无
   30          // 函数返回: 无
   31          ////////////////////////////////////////
   32          void CLK_Init(void)
   33          {
   34   1          CLK_HSIOCK_Divider(1);              //设置高速外设时钟预分频系数
   35   1      
   36   1          CLK_SYSCLK_Divider(10);             //切换主时钟前先将系统时钟降频
   37   1      
   38   1          HIRC_24M();                         //选择内部预置的频率
   39   1      
   40   1          CLK_MCLK_HIRC();                    //选择内部高精度HIRC作为主时钟
   41   1          CLK_MCLK2_BYPASS();                 //旁路MCLK2,直接使用MCLK选择
   42   1      
   43   1          CLK_SYSCLK_Divider(1);              //设置系统时钟分频系数
   44   1      
   45   1          CLK_HSIOCK_MCLK();                  //选择MCLK主时钟作为高速外设时钟源
   46   1      
   47   1          //<<AICUBE_USER_CLOCK_INITIAL_BEGIN>>
   48   1          // 在此添加用户初始化代码  
   49   1          //<<AICUBE_USER_CLOCK_INITIAL_END>>
   50   1      }
   51          
   52          
   53          
   54          //<<AICUBE_USER_FUNCTION_IMPLEMENT_BEGIN>>
   55          // 在此添加用户函数实现代码  
   56          //<<AICUBE_USER_FUNCTION_IMPLEMENT_END>>
   57          
   58          
C251 COMPILER V5.60.0,  clock                                                              14/01/26  22:35:40  PAGE 2   



Module Information          Static   Overlayable
------------------------------------------------
  code size            =        86     ------
  ecode size           =    ------     ------
  data size            =    ------     ------
  idata size           =    ------     ------
  pdata size           =    ------     ------
  xdata size           =    ------     ------
  xdata-const size     =    ------     ------
  edata size           =    ------     ------
  bit size             =    ------     ------
  ebit size            =    ------     ------
  bitaddressable size  =    ------     ------
  ebitaddressable size =    ------     ------
  far data size        =    ------     ------
  huge data size       =    ------     ------
  const size           =    ------     ------
  hconst size          =    ------     ------
End of Module Information.


C251 COMPILATION COMPLETE.  0 WARNING(S),  0 ERROR(S)
